<?xml version="1.0" encoding="UTF-8" ?>
<testsuite failures="0" time="0.678" errors="0" skipped="0" tests="3" name="org.ingini.jongo.example.create.TestInsertion">
  <properties>
    <property name="java.runtime.name" value="Java(TM) SE Runtime Environment"/>
    <property name="sun.boot.library.path" value="/Library/Java/JavaVirtualMachines/1.6.0_29-b11-402.jdk/Contents/Libraries"/>
    <property name="java.vm.version" value="20.4-b02-402"/>
    <property name="awt.nativeDoubleBuffering" value="true"/>
    <property name="gopherProxySet" value="false"/>
    <property name="mrj.build" value="12A269"/>
    <property name="java.vm.vendor" value="Apple Inc."/>
    <property name="java.vendor.url" value="http://www.apple.com/"/>
    <property name="path.separator" value=":"/>
    <property name="java.vm.name" value="Java HotSpot(TM) 64-Bit Server VM"/>
    <property name="file.encoding.pkg" value="sun.io"/>
    <property name="user.country" value="US"/>
    <property name="sun.java.launcher" value="SUN_STANDARD"/>
    <property name="sun.os.patch.level" value="unknown"/>
    <property name="java.vm.specification.name" value="Java Virtual Machine Specification"/>
    <property name="user.dir" value="/Users/ihristov/git/jongo-by-example"/>
    <property name="java.runtime.version" value="1.6.0_29-b11-402-12A269"/>
    <property name="java.awt.graphicsenv" value="apple.awt.CGraphicsEnvironment"/>
    <property name="basedir" value="/Users/ihristov/git/jongo-by-example"/>
    <property name="java.endorsed.dirs" value="/Library/Java/JavaVirtualMachines/1.6.0_29-b11-402.jdk/Contents/Home/lib/endorsed"/>
    <property name="os.arch" value="x86_64"/>
    <property name="surefire.real.class.path" value="/Users/ihristov/git/jongo-by-example/target/surefire/surefirebooter2136145838778919566.jar"/>
    <property name="java.io.tmpdir" value="/var/folders/_2/985p6j7j2snd9ds9hmthswyh0000gn/T/"/>
    <property name="line.separator" value="
"/>
    <property name="java.vm.specification.vendor" value="Sun Microsystems Inc."/>
    <property name="os.name" value="Mac OS X"/>
    <property name="sun.jnu.encoding" value="MacRoman"/>
    <property name="java.library.path" value=".:/Library/Java/Extensions:/System/Library/Java/Extensions:/usr/lib/java"/>
    <property name="surefire.test.class.path" value="/Users/ihristov/git/jongo-by-example/target/test-classes:/Users/ihristov/git/jongo-by-example/target/classes:/Users/ihristov/.m2/repository/org/jongo/jongo/0.4/jongo-0.4.jar:/Users/ihristov/.m2/repository/com/fasterxml/jackson/core/jackson-core/2.1.4/jackson-core-2.1.4.jar:/Users/ihristov/.m2/repository/com/fasterxml/jackson/core/jackson-databind/2.1.4/jackson-databind-2.1.4.jar:/Users/ihristov/.m2/repository/com/fasterxml/jackson/core/jackson-annotations/2.1.4/jackson-annotations-2.1.4.jar:/Users/ihristov/.m2/repository/de/undercouch/bson4jackson/2.1.1/bson4jackson-2.1.1.jar:/Users/ihristov/.m2/repository/com/google/guava/guava/15.0/guava-15.0.jar:/Users/ihristov/.m2/repository/org/apache/commons/commons-lang3/3.1/commons-lang3-3.1.jar:/Users/ihristov/.m2/repository/org/mongodb/mongo-java-driver/2.11.3/mongo-java-driver-2.11.3.jar:/Users/ihristov/.m2/repository/org/easytesting/fest-assert/1.4/fest-assert-1.4.jar:/Users/ihristov/.m2/repository/org/easytesting/fest-util/1.1.6/fest-util-1.1.6.jar:/Users/ihristov/.m2/repository/junit/junit/4.10/junit-4.10.jar:/Users/ihristov/.m2/repository/org/hamcrest/hamcrest-core/1.1/hamcrest-core-1.1.jar:"/>
    <property name="java.specification.name" value="Java Platform API Specification"/>
    <property name="java.class.version" value="50.0"/>
    <property name="sun.management.compiler" value="HotSpot 64-Bit Tiered Compilers"/>
    <property name="os.version" value="10.8.4"/>
    <property name="http.nonProxyHosts" value="local|*.local|169.254/16|*.169.254/16"/>
    <property name="user.home" value="/Users/ihristov"/>
    <property name="user.timezone" value="Europe/Zurich"/>
    <property name="java.awt.printerjob" value="apple.awt.CPrinterJob"/>
    <property name="java.specification.version" value="1.6"/>
    <property name="file.encoding" value="MacRoman"/>
    <property name="user.name" value="ihristov"/>
    <property name="java.class.path" value="/Users/ihristov/git/jongo-by-example/target/test-classes:/Users/ihristov/git/jongo-by-example/target/classes:/Users/ihristov/.m2/repository/org/jongo/jongo/0.4/jongo-0.4.jar:/Users/ihristov/.m2/repository/com/fasterxml/jackson/core/jackson-core/2.1.4/jackson-core-2.1.4.jar:/Users/ihristov/.m2/repository/com/fasterxml/jackson/core/jackson-databind/2.1.4/jackson-databind-2.1.4.jar:/Users/ihristov/.m2/repository/com/fasterxml/jackson/core/jackson-annotations/2.1.4/jackson-annotations-2.1.4.jar:/Users/ihristov/.m2/repository/de/undercouch/bson4jackson/2.1.1/bson4jackson-2.1.1.jar:/Users/ihristov/.m2/repository/com/google/guava/guava/15.0/guava-15.0.jar:/Users/ihristov/.m2/repository/org/apache/commons/commons-lang3/3.1/commons-lang3-3.1.jar:/Users/ihristov/.m2/repository/org/mongodb/mongo-java-driver/2.11.3/mongo-java-driver-2.11.3.jar:/Users/ihristov/.m2/repository/org/easytesting/fest-assert/1.4/fest-assert-1.4.jar:/Users/ihristov/.m2/repository/org/easytesting/fest-util/1.1.6/fest-util-1.1.6.jar:/Users/ihristov/.m2/repository/junit/junit/4.10/junit-4.10.jar:/Users/ihristov/.m2/repository/org/hamcrest/hamcrest-core/1.1/hamcrest-core-1.1.jar:"/>
    <property name="java.vm.specification.version" value="1.0"/>
    <property name="sun.arch.data.model" value="64"/>
    <property name="java.home" value="/Library/Java/JavaVirtualMachines/1.6.0_29-b11-402.jdk/Contents/Home"/>
    <property name="sun.java.command" value="/Users/ihristov/git/jongo-by-example/target/surefire/surefirebooter2136145838778919566.jar /Users/ihristov/git/jongo-by-example/target/surefire/surefire2932793504142796297tmp /Users/ihristov/git/jongo-by-example/target/surefire/surefire4218420229964482460tmp"/>
    <property name="java.specification.vendor" value="Sun Microsystems Inc."/>
    <property name="user.language" value="en"/>
    <property name="awt.toolkit" value="apple.awt.CToolkit"/>
    <property name="java.vm.info" value="mixed mode"/>
    <property name="java.version" value="1.6.0_29"/>
    <property name="java.ext.dirs" value="/Library/Java/Extensions:/System/Library/Java/Extensions:/Library/Java/JavaVirtualMachines/1.6.0_29-b11-402.jdk/Contents/Home/lib/ext"/>
    <property name="sun.boot.class.path" value="/Library/Java/JavaVirtualMachines/1.6.0_29-b11-402.jdk/Contents/Classes/jsfd.jar:/Library/Java/JavaVirtualMachines/1.6.0_29-b11-402.jdk/Contents/Classes/classes.jar:/System/Library/Frameworks/JavaVM.framework/Frameworks/JavaRuntimeSupport.framework/Resources/Java/JavaRuntimeSupport.jar:/Library/Java/JavaVirtualMachines/1.6.0_29-b11-402.jdk/Contents/Classes/ui.jar:/Library/Java/JavaVirtualMachines/1.6.0_29-b11-402.jdk/Contents/Classes/laf.jar:/Library/Java/JavaVirtualMachines/1.6.0_29-b11-402.jdk/Contents/Classes/sunrsasign.jar:/Library/Java/JavaVirtualMachines/1.6.0_29-b11-402.jdk/Contents/Classes/jsse.jar:/Library/Java/JavaVirtualMachines/1.6.0_29-b11-402.jdk/Contents/Classes/jce.jar:/Library/Java/JavaVirtualMachines/1.6.0_29-b11-402.jdk/Contents/Classes/charsets.jar"/>
    <property name="java.vendor" value="Apple Inc."/>
    <property name="localRepository" value="/Users/ihristov/.m2/repository"/>
    <property name="file.separator" value="/"/>
    <property name="java.vendor.url.bug" value="http://bugreport.apple.com/"/>
    <property name="sun.cpu.endian" value="little"/>
    <property name="sun.io.unicode.encoding" value="UnicodeLittle"/>
    <property name="mrj.version" value="1070.1.6.0_29-402"/>
    <property name="socksNonProxyHosts" value="local|*.local|169.254/16|*.169.254/16"/>
    <property name="ftp.nonProxyHosts" value="local|*.local|169.254/16|*.169.254/16"/>
    <property name="sun.cpu.isalist" value=""/>
  </properties>
  <testcase time="0.167" classname="org.ingini.jongo.example.create.TestInsertion" name="shouldInsertOneHeroineWithAutomaticObjectId"/>
  <testcase time="0.016" classname="org.ingini.jongo.example.create.TestInsertion" name="shouldInsertOneHeroWithAutomaticObjectId"/>
  <testcase time="0.006" classname="org.ingini.jongo.example.create.TestInsertion" name="shouldInsertOneSwordWithCustomObjectId"/>
</testsuite>